<?xml version="1.0" encoding="UTF-8"?>
<testng-results skipped="0" failed="0" total="1" passed="1">
  <reporter-output>
  </reporter-output>
  <suite name="Default suite" duration-ms="22813" started-at="2015-07-01T09:01:42Z" finished-at="2015-07-01T09:02:05Z">
    <groups>
    </groups>
    <test name="Default test" duration-ms="22813" started-at="2015-07-01T09:01:42Z" finished-at="2015-07-01T09:02:05Z">
      <class name="TestCases.ARTICLE.TC_JOOMLA_ARTICLE_002">
        <test-method status="PASS" signature="setup()[pri:0, instance:TestCases.ARTICLE.TC_JOOMLA_ARTICLE_002@2b80d80f]" name="setup" is-config="true" duration-ms="8065" started-at="2015-07-01T16:01:42Z" finished-at="2015-07-01T16:01:50Z">
          <reporter-output>
          </reporter-output>
        </test-method> <!-- setup -->
        <test-method status="PASS" signature="TC_002()[pri:0, instance:TestCases.ARTICLE.TC_JOOMLA_ARTICLE_002@2b80d80f]" name="TC_002" duration-ms="10562" started-at="2015-07-01T16:01:50Z" finished-at="2015-07-01T16:02:01Z">
          <reporter-output>
          </reporter-output>
        </test-method> <!-- TC_002 -->
        <test-method status="PASS" signature="end()[pri:0, instance:TestCases.ARTICLE.TC_JOOMLA_ARTICLE_002@2b80d80f]" name="end" is-config="true" duration-ms="4186" started-at="2015-07-01T16:02:01Z" finished-at="2015-07-01T16:02:05Z">
          <reporter-output>
          </reporter-output>
        </test-method> <!-- end -->
      </class> <!-- TestCases.ARTICLE.TC_JOOMLA_ARTICLE_002 -->
    </test> <!-- Default test -->
  </suite> <!-- Default suite -->
</testng-results>
